{
  "numTotalTestSuites": 2,
  "numPassedTestSuites": 2,
  "numFailedTestSuites": 0,
  "numPendingTestSuites": 0,
  "numTotalTests": 5,
  "numPassedTests": 5,
  "numFailedTests": 0,
  "numPendingTests": 0,
  "numTodoTests": 0,
  "startTime": 1693145109964,
  "success": true,
  "testResults": [
    {
      "assertionResults": [
        {
          "ancestorTitles": [
            "",
            "OfferData slice"
          ],
          "fullName": " OfferData slice should return initial state with empty action",
          "status": "passed",
          "title": "should return initial state with empty action",
          "duration": 2,
          "failureMessages": []
        },
        {
          "ancestorTitles": [
            "",
            "OfferData slice"
          ],
          "fullName": " OfferData slice should return default initial state with empty action and undefined state",
          "status": "passed",
          "title": "should return default initial state with empty action and undefined state",
          "duration": 1,
          "failureMessages": []
        },
        {
          "ancestorTitles": [
            "",
            "OfferData slice"
          ],
          "fullName": " OfferData slice should set \"fetchOfferStatus\" to \"RequestStatus.Pending\" with \"fetchOffer.pending\"",
          "status": "passed",
          "title": "should set \"fetchOfferStatus\" to \"RequestStatus.Pending\" with \"fetchOffer.pending\"",
          "duration": 1,
          "failureMessages": []
        },
        {
          "ancestorTitles": [
            "",
            "OfferData slice"
          ],
          "fullName": " OfferData slice should set \"offer\" to offer info, \"RequestStatus.Success\" with \"fetchOffer.fulfilled\"",
          "status": "passed",
          "title": "should set \"offer\" to offer info, \"RequestStatus.Success\" with \"fetchOffer.fulfilled\"",
          "duration": 0,
          "failureMessages": []
        },
        {
          "ancestorTitles": [
            "",
            "OfferData slice"
          ],
          "fullName": " OfferData slice should set \"fetchOfferStatus\" to \"RequestStatus.Rejected\" with \"fetchOffer.rejected\"",
          "status": "passed",
          "title": "should set \"fetchOfferStatus\" to \"RequestStatus.Rejected\" with \"fetchOffer.rejected\"",
          "duration": 1,
          "failureMessages": []
        }
      ],
      "startTime": 1693229050410,
      "endTime": 1693229050415,
      "status": "passed",
      "message": "",
      "name": "C:/Users/Flocktory/Desktop/Projects/1101501-six-cities-13/src/store/offer-data/offer-data.slice.test.ts"
    }
  ]
}